<?xml version="1.0" encoding="UTF-8"?>
<!-- Generated by org.testng.reporters.JUnitReportReporter -->
<testsuite hostname="JaiGuruDev" failures="0" tests="1" name="MobileAutomation.AppiumBasics" time="5.736" errors="0" timestamp="2023-07-25T22:05:05 IST" skipped="0">
  <testcase classname="MobileAutomation.AppiumBasics" name="WifiSettingsName" time="5.736"/>
</testsuite> <!-- MobileAutomation.AppiumBasics -->
