<?xml version="1.0" encoding="UTF-8"?>
<!-- Generated by org.testng.reporters.JUnitReportReporter -->
<testsuite hostname="JaiGuruDev" failures="0" tests="1" name="MobileAutomation.AppiumBasics" time="0.982" errors="0" timestamp="2023-07-24T20:56:40 IST" skipped="0">
  <testcase classname="MobileAutomation.AppiumBasics" name="WifiSettingsName" time="0.982"/>
</testsuite> <!-- MobileAutomation.AppiumBasics -->
